[0m05:33:10.219945 [debug] [MainThread]: Sending event: {'category': 'dbt', 'action': 'invocation', 'label': 'start', 'context': [<snowplow_tracker.self_describing_json.SelfDescribingJson object at 0x7f51074e7f50>, <snowplow_tracker.self_describing_json.SelfDescribingJson object at 0x7f5106f5af60>, <snowplow_tracker.self_describing_json.SelfDescribingJson object at 0x7f5106be5d90>]}


============================== 05:33:10.237063 | 892288b2-e03b-4a5e-a386-a9298f129fbd ==============================
[0m05:33:10.237063 [info ] [MainThread]: Running with dbt=1.8.1
[0m05:33:10.239450 [debug] [MainThread]: running dbt with arguments {'printer_width': '80', 'indirect_selection': 'eager', 'write_json': 'True', 'log_cache_events': 'False', 'partial_parse': 'True', 'cache_selected_only': 'False', 'warn_error': 'None', 'debug': 'False', 'version_check': 'True', 'log_path': 'logs', 'fail_fast': 'False', 'profiles_dir': '/home/sysadmin/.dbt', 'use_colors': 'True', 'use_experimental_parser': 'False', 'no_print': 'None', 'quiet': 'False', 'log_format': 'default', 'static_parser': 'True', 'invocation_command': 'dbt run --model marts.*', 'warn_error_options': 'WarnErrorOptions(include=[], exclude=[])', 'target_path': 'None', 'introspect': 'True', 'send_anonymous_usage_stats': 'True'}
[0m05:33:10.240871 [error] [MainThread]: Encountered an error:
Runtime Error
  No dbt_project.yml found at expected path /home/sysadmin/kimball_dimensional_modeling/dbt_project.yml
  Verify that each entry within packages.yml (and their transitive dependencies) contains a file named dbt_project.yml
  
[0m05:33:10.245946 [debug] [MainThread]: Resource report: {"command_name": "run", "command_wall_clock_time": 0.1817445, "process_user_time": 2.86747, "process_kernel_time": 1.016191, "process_mem_max_rss": "85836", "process_in_blocks": "44072", "process_out_blocks": "8", "command_success": false}
[0m05:33:10.248619 [debug] [MainThread]: Command `dbt run` failed at 05:33:10.247339 after 0.18 seconds
[0m05:33:10.250489 [debug] [MainThread]: Sending event: {'category': 'dbt', 'action': 'invocation', 'label': 'end', 'context': [<snowplow_tracker.self_describing_json.SelfDescribingJson object at 0x7f5106eead20>, <snowplow_tracker.self_describing_json.SelfDescribingJson object at 0x7f510715fe30>, <snowplow_tracker.self_describing_json.SelfDescribingJson object at 0x7f51074e7f50>]}
[0m05:33:10.252494 [debug] [MainThread]: Flushing usage events
[0m14:26:20.347483 [debug] [MainThread]: Sending event: {'category': 'dbt', 'action': 'invocation', 'label': 'start', 'context': [<snowplow_tracker.self_describing_json.SelfDescribingJson object at 0x7f88a6292480>, <snowplow_tracker.self_describing_json.SelfDescribingJson object at 0x7f88a6b08620>, <snowplow_tracker.self_describing_json.SelfDescribingJson object at 0x7f88a4debfe0>]}


============================== 14:26:20.358251 | 539a06df-5d9e-4c98-9d33-3ba02fc40186 ==============================
[0m14:26:20.358251 [info ] [MainThread]: Running with dbt=1.8.1
[0m14:26:20.359610 [debug] [MainThread]: running dbt with arguments {'printer_width': '80', 'indirect_selection': 'eager', 'write_json': 'True', 'log_cache_events': 'False', 'partial_parse': 'True', 'cache_selected_only': 'False', 'warn_error': 'None', 'fail_fast': 'False', 'version_check': 'True', 'log_path': 'logs', 'debug': 'False', 'profiles_dir': '/home/sysadmin/.dbt', 'use_colors': 'True', 'use_experimental_parser': 'False', 'no_print': 'None', 'quiet': 'False', 'log_format': 'default', 'introspect': 'True', 'invocation_command': 'dbt run --model marts.*', 'warn_error_options': 'WarnErrorOptions(include=[], exclude=[])', 'target_path': 'None', 'static_parser': 'True', 'send_anonymous_usage_stats': 'True'}
[0m14:26:20.360449 [error] [MainThread]: Encountered an error:
Runtime Error
  No dbt_project.yml found at expected path /home/sysadmin/kimball_dimensional_modeling/dbt_project.yml
  Verify that each entry within packages.yml (and their transitive dependencies) contains a file named dbt_project.yml
  
[0m14:26:20.362468 [debug] [MainThread]: Resource report: {"command_name": "run", "command_wall_clock_time": 0.10943238, "process_user_time": 2.328455, "process_kernel_time": 0.723307, "process_mem_max_rss": "85960", "process_in_blocks": "44920", "process_out_blocks": "8", "command_success": false}
[0m14:26:20.363491 [debug] [MainThread]: Command `dbt run` failed at 14:26:20.363275 after 0.11 seconds
[0m14:26:20.364319 [debug] [MainThread]: Sending event: {'category': 'dbt', 'action': 'invocation', 'label': 'end', 'context': [<snowplow_tracker.self_describing_json.SelfDescribingJson object at 0x7f88a4de9ee0>, <snowplow_tracker.self_describing_json.SelfDescribingJson object at 0x7f88a5e343b0>, <snowplow_tracker.self_describing_json.SelfDescribingJson object at 0x7f88a6292480>]}
[0m14:26:20.365356 [debug] [MainThread]: Flushing usage events
